<?xml version="1.0" encoding="UTF-8"?>
<!-- Generated by org.testng.reporters.JUnitXMLReporter -->
<testsuite ignored="3" hostname="LTIN230084" failures="0" tests="6" name="my tests" time="0.126" errors="0" timestamp="2024-02-22T11:50:26 IST">
  <testcase classname="pack15.Grouping" name="loginByEmail" time="0.014"/>
  <testcase classname="pack15.Grouping" name="loginByFacebook" time="0.002"/>
  <testcase classname="pack15.Grouping" name="loginBytwitter" time="0.002"/>
  <testcase classname="pack15.Grouping" name="signupbyemail" time="0.001"/>
  <testcase classname="pack15.Grouping" name="paymentinrupees" time="0.002"/>
  <testcase classname="pack15.Grouping" name="paymentindollar" time="0.002"/>
  <testcase classname="pack15.Grouping" name="signupbytwitter" time="0.0">
    <ignored/>
  </testcase> <!-- signupbytwitter -->
  <testcase classname="pack15.Grouping" name="paymentReturn" time="0.0">
    <ignored/>
  </testcase> <!-- paymentReturn -->
  <testcase classname="pack15.Grouping" name="signupByfacebook" time="0.0">
    <ignored/>
  </testcase> <!-- signupByfacebook -->
</testsuite> <!-- my tests -->
